<?xml version="1.0" encoding="UTF-8"?>
<testsuite xmlns:xsi="http://www.w3.org/2001/XMLSchema-instance" xsi:noNamespaceSchemaLocation="https://maven.apache.org/surefire/maven-surefire-plugin/xsd/surefire-test-report-3.0.xsd" version="3.0" name="com.example.app.ApplicationTests" time="2.351" tests="1" errors="0" skipped="0" failures="0">
  <properties>
[...]
</properties>
  <testcase name="contextLoads" classname="com.example.app.ApplicationTests" time="0.694">
    <system-out><![CDATA[03:32:46.758 [main] INFO org.springframework.test.context.support.AnnotationConfigContextLoaderUtils -- Could not detect default configuration classes for test class [com.example.app.ApplicationTests]: ApplicationTests does not declare any static, non-private, non-final, nested classes annotated with @Configuration.
03:32:46.860 [main] INFO org.springframework.boot.test.context.SpringBootTestContextBootstrapper -- Found @SpringBootConfiguration com.example.app.Application for test class com.example.app.ApplicationTests

  .   ____          _            __ _ _
 /\\ / ___'_ __ _ _(_)_ __  __ _ \ \ \ \
( ( )\___ | '_ | '_| | '_ \/ _` | \ \ \ \
 \\/  ___)| |_)| | | | | || (_| |  ) ) ) )
  '  |____| .__|_| |_|_| |_\__, | / / / /
 =========|_|==============|___/=/_/_/_/

 :: Spring Boot ::                (v3.3.4)

2025-11-14T03:32:47.260Z  INFO 8583 --- [app] [           main] com.example.app.ApplicationTests         : Starting ApplicationTests using Java 21.0.8 with PID 8583 (started by root in /l2l/dst/nagerdate)
2025-11-14T03:32:47.262Z  INFO 8583 --- [app] [           main] com.example.app.ApplicationTests         : No active profile set, falling back to 1 default profile: "default"
2025-11-14T03:32:48.235Z  INFO 8583 --- [app] [           main] com.example.app.ApplicationTests         : Started ApplicationTests in 1.245 seconds (process running for 2.117)
]]></system-out>
    <system-err><![CDATA[WARNING: A Java agent has been loaded dynamically (/l2l/dst/.m2/net/bytebuddy/byte-buddy-agent/1.14.19/byte-buddy-agent-1.14.19.jar)
WARNING: If a serviceability tool is in use, please run with -XX:+EnableDynamicAgentLoading to hide this warning
WARNING: If a serviceability tool is not in use, please run with -Djdk.instrument.traceUsage for more information
WARNING: Dynamic loading of agents will be disallowed by default in a future release
]]></system-err>
  </testcase>
</testsuite>